build/app/intermediates/manifest_merge_blame_file/release/manifest-merger-blame-release-report.txt
1<?xml version="1.0" encoding="utf-8"?>
2<manifest xmlns:android="http://schemas.android.com/apk/res/android"
3    package="com.example.ima_qr"
4    android:versionCode="1"
5    android:versionName="1.0" >
6
7    <uses-sdk
8        android:minSdkVersion="29"
8-->src/main/AndroidManifest.xml
9        android:targetSdkVersion="31" />
9-->src/main/AndroidManifest.xml
10
11    <uses-permission android:name="android.permission.INTERNET" />
11-->src/main/AndroidManifest.xml:43:5-66
11-->src/main/AndroidManifest.xml:43:22-64
12    <uses-permission android:name="android.permission.CAMERA" />
12-->src/main/AndroidManifest.xml:44:5-65
12-->src/main/AndroidManifest.xml:44:22-62
13
14    <queries>
14-->[:flutter_inappwebview] AndroidManifest.xml:7:5-11:15
15        <intent>
15-->[:flutter_inappwebview] AndroidManifest.xml:8:9-10:18
16            <action android:name="android.support.customtabs.action.CustomTabsService" />
16-->[:flutter_inappwebview] AndroidManifest.xml:9:13-90
16-->[:flutter_inappwebview] AndroidManifest.xml:9:21-87
17        </intent>
18    </queries>
19
20    <application
21        android:name="android.app.Application"
21-->src/main/AndroidManifest.xml:5:9-42
22        android:appComponentFactory="androidx.core.app.CoreComponentFactory"
22-->[androidx.core:core:1.6.0] AndroidManifest.xml:24:18-86
23        android:extractNativeLibs="false"
24        android:icon="@mipmap/ic_launcher"
24-->src/main/AndroidManifest.xml:6:9-43
25        android:label="ima_qr" >
25-->src/main/AndroidManifest.xml:4:9-31
26        <activity
26-->src/main/AndroidManifest.xml:7:9-27:20
27            android:name="com.example.ima_qr.MainActivity"
27-->src/main/AndroidManifest.xml:8:13-41
28            android:configChanges="orientation|keyboardHidden|keyboard|screenSize|smallestScreenSize|locale|layoutDirection|fontScale|screenLayout|density|uiMode"
28-->src/main/AndroidManifest.xml:12:13-163
29            android:exported="true"
29-->src/main/AndroidManifest.xml:9:13-36
30            android:hardwareAccelerated="true"
30-->src/main/AndroidManifest.xml:13:13-47
31            android:launchMode="singleTop"
31-->src/main/AndroidManifest.xml:10:13-43
32            android:theme="@style/LaunchTheme"
32-->src/main/AndroidManifest.xml:11:13-47
33            android:windowSoftInputMode="adjustResize" >
33-->src/main/AndroidManifest.xml:14:13-55
34
35            <!--
36                 Specifies an Android theme to apply to this Activity as soon as
37                 the Android process has started. This theme is visible to the user
38                 while the Flutter UI initializes. After that, this theme continues
39                 to determine the Window background behind the Flutter UI.
40            -->
41            <meta-data
41-->src/main/AndroidManifest.xml:19:13-22:17
42                android:name="io.flutter.embedding.android.NormalTheme"
42-->src/main/AndroidManifest.xml:20:15-70
43                android:resource="@style/NormalTheme" />
43-->src/main/AndroidManifest.xml:21:15-52
44
45            <intent-filter>
45-->src/main/AndroidManifest.xml:23:13-26:29
46                <action android:name="android.intent.action.MAIN" />
46-->src/main/AndroidManifest.xml:24:17-68
46-->src/main/AndroidManifest.xml:24:25-66
47
48                <category android:name="android.intent.category.LAUNCHER" />
48-->src/main/AndroidManifest.xml:25:17-76
48-->src/main/AndroidManifest.xml:25:27-74
49            </intent-filter>
50        </activity>
51        <!--
52             Don't delete the meta-data below.
53             This is used by the Flutter tool to generate GeneratedPluginRegistrant.java
54        -->
55        <meta-data
55-->src/main/AndroidManifest.xml:30:9-32:33
56            android:name="flutterEmbedding"
56-->src/main/AndroidManifest.xml:31:13-44
57            android:value="2" />
57-->src/main/AndroidManifest.xml:32:13-30
58
59        <provider
60            android:name="com.pichillilorenzo.flutter_inappwebview.InAppWebViewFileProvider"
60-->src/main/AndroidManifest.xml:34:5-85
61            android:authorities="com.example.ima_qr.flutter_inappwebview.fileprovider"
61-->src/main/AndroidManifest.xml:35:5-77
62            android:exported="false"
62-->src/main/AndroidManifest.xml:36:5-29
63            android:grantUriPermissions="true" >
63-->src/main/AndroidManifest.xml:37:5-39
64            <meta-data
64-->src/main/AndroidManifest.xml:38:5-40:50
65                android:name="android.support.FILE_PROVIDER_PATHS"
65-->src/main/AndroidManifest.xml:39:9-59
66                android:resource="@xml/provider_paths" />
66-->src/main/AndroidManifest.xml:40:9-47
67        </provider>
68
69        <activity
69-->[:flutter_inappwebview] AndroidManifest.xml:14:9-17:47
70            android:name="com.pichillilorenzo.flutter_inappwebview.in_app_browser.InAppBrowserActivity"
70-->[:flutter_inappwebview] AndroidManifest.xml:15:13-104
71            android:configChanges="orientation|keyboardHidden|keyboard|screenSize|locale|layoutDirection|fontScale|screenLayout|density"
71-->[:flutter_inappwebview] AndroidManifest.xml:16:13-137
72            android:theme="@style/AppTheme" />
72-->[:flutter_inappwebview] AndroidManifest.xml:17:13-44
73        <activity
73-->[:flutter_inappwebview] AndroidManifest.xml:18:9-20:55
74            android:name="com.pichillilorenzo.flutter_inappwebview.chrome_custom_tabs.ChromeCustomTabsActivity"
74-->[:flutter_inappwebview] AndroidManifest.xml:19:13-112
75            android:theme="@style/ThemeTransparent" />
75-->[:flutter_inappwebview] AndroidManifest.xml:20:13-52
76
77        <receiver android:name="com.pichillilorenzo.flutter_inappwebview.chrome_custom_tabs.ActionBroadcastReceiver" />
77-->[:flutter_inappwebview] AndroidManifest.xml:22:9-120
77-->[:flutter_inappwebview] AndroidManifest.xml:22:19-117
78
79        <meta-data
79-->[:flutter_inappwebview] AndroidManifest.xml:24:9-26:36
80            android:name="io.flutter.embedded_views_preview"
80-->[:flutter_inappwebview] AndroidManifest.xml:25:13-61
81            android:value="true" />
81-->[:flutter_inappwebview] AndroidManifest.xml:26:13-33
82    </application>
83
84</manifest>